Base path: /Applications/Unity5.02p1/Unity.app/Contents
Pipe name: \\.\pipe\UnityShaderCompiler-64bit-1-2126496512
Cmd: getPlatforms
Cmd: compileSnippet
  api=0 type=0 insize=9591 outsize=6366 kw=UNITY_COLORSPACE_GAMMA ok=1
Cmd: compileSnippet
  api=0 type=1 insize=9591 outsize=6 kw=UNITY_COLORSPACE_GAMMA ok=1
Cmd: preprocess
  insize=1943 outsize=615 ok=1
Cmd: compileSnippet
  api=0 type=0 insize=1630 outsize=1552 kw= ok=1
Cmd: compileSnippet
  api=0 type=1 insize=1630 outsize=6 kw= ok=1
Cmd: preprocess
  insize=2859 outsize=1085 ok=1
Cmd: compileSnippet
  api=0 type=0 insize=2076 outsize=1989 kw=LIGHTMAP_ON ok=1
Cmd: compileSnippet
  api=0 type=1 insize=2076 outsize=6 kw=LIGHTMAP_ON ok=1
Cmd: preprocess
  insize=894 outsize=302 ok=1
Cmd: compileSnippet
  api=0 type=0 insize=894 outsize=855 kw= ok=1
Cmd: compileSnippet
  api=0 type=1 insize=894 outsize=6 kw= ok=1
Cmd: preprocess
  insize=9827 outsize=9827 ok=1
Cmd: preprocess
  insize=8918 outsize=5490 ok=1
Cmd: compileSnippet
  error: 2 plat 0 at (98): 'float3x4' :  not supported in pre-GLSL1.20; 'float' : cannot construct this type\nCompiling Vertex program with WATER_REFRACTIVE
  api=0 type=0 insize=3732 outsize=0 kw=WATER_REFRACTIVE ok=0
Cmd: preprocess
  insize=2248 outsize=2248 ok=1
Cmd: preprocess
  insize=2100 outsize=596 ok=1
Cmd: compileSnippet
  api=0 type=0 insize=1805 outsize=848 kw= ok=1
Cmd: compileSnippet
  api=0 type=1 insize=1805 outsize=6 kw= ok=1
Cmd: preprocess
  insize=2429 outsize=886 ok=1
Cmd: compileSnippet
  api=0 type=0 insize=1845 outsize=1986 kw= ok=1
Cmd: compileSnippet
  api=0 type=1 insize=1845 outsize=6 kw= ok=1
Cmd: preprocess
  insize=905 outsize=905 ok=1
Cmd: preprocess
  insize=1446 outsize=558 ok=1
Cmd: compileSnippet
  api=0 type=0 insize=1189 outsize=1379 kw= ok=1
Cmd: compileSnippet
  api=0 type=1 insize=1189 outsize=6 kw= ok=1
Cmd: preprocess
  insize=2144 outsize=2152 ok=1
Cmd: compileSnippet
  api=0 type=0 insize=8130 outsize=4616 kw=DIRECTIONAL LIGHTMAP_OFF DIRLIGHTMAP_OFF DYNAMICLIGHTMAP_OFF ok=1
Cmd: compileSnippet
  api=0 type=1 insize=8130 outsize=6 kw=DIRECTIONAL LIGHTMAP_OFF DIRLIGHTMAP_OFF DYNAMICLIGHTMAP_OFF ok=1
Cmd: compileSnippet
  api=0 type=0 insize=5512 outsize=3714 kw=POINT ok=1
Cmd: compileSnippet
  api=0 type=1 insize=5512 outsize=6 kw=POINT ok=1
Cmd: compileSnippet
  api=0 type=0 insize=4756 outsize=4758 kw= ok=1
Cmd: compileSnippet
  api=0 type=1 insize=4756 outsize=6 kw= ok=1
Cmd: compileSnippet
  api=0 type=0 insize=7607 outsize=4126 kw=DIRECTIONAL LIGHTMAP_OFF DIRLIGHTMAP_OFF DYNAMICLIGHTMAP_OFF ok=1
Cmd: compileSnippet
  api=0 type=1 insize=7607 outsize=6 kw=DIRECTIONAL LIGHTMAP_OFF DIRLIGHTMAP_OFF DYNAMICLIGHTMAP_OFF ok=1
Cmd: compileSnippet
  api=0 type=0 insize=5031 outsize=3373 kw=POINT ok=1
Cmd: compileSnippet
  api=0 type=1 insize=5031 outsize=6 kw=POINT ok=1
Cmd: compileSnippet
  api=0 type=0 insize=4442 outsize=4758 kw= ok=1
Cmd: compileSnippet
  api=0 type=1 insize=4442 outsize=6 kw= ok=1
Cmd: preprocess
  insize=748 outsize=748 ok=1
Cmd: preprocess
  insize=8917 outsize=1152 ok=1
Cmd: compileSnippet
  error: 2 plat 0 at (46): ']' : syntax error syntax error\nCompiling Vertex program
  api=0 type=0 insize=3505 outsize=0 kw= ok=0
Cmd: preprocess
  insize=1699 outsize=647 ok=1
Cmd: compileSnippet
  api=0 type=0 insize=1354 outsize=1322 kw= ok=1
Cmd: compileSnippet
  api=0 type=1 insize=1354 outsize=6 kw= ok=1
Cmd: preprocess
  insize=1662 outsize=609 ok=1
Cmd: compileSnippet
  api=0 type=0 insize=1355 outsize=1246 kw= ok=1
Cmd: compileSnippet
  api=0 type=1 insize=1355 outsize=6 kw= ok=1
Cmd: preprocess
  insize=4962 outsize=4786 ok=1
Cmd: compileSnippet
  api=0 type=0 insize=8163 outsize=4616 kw=DIRECTIONAL LIGHTMAP_OFF DIRLIGHTMAP_OFF DYNAMICLIGHTMAP_OFF ok=1
Cmd: compileSnippet
  api=0 type=1 insize=8163 outsize=6 kw=DIRECTIONAL LIGHTMAP_OFF DIRLIGHTMAP_OFF DYNAMICLIGHTMAP_OFF ok=1
Cmd: compileSnippet
  api=0 type=0 insize=5545 outsize=3714 kw=POINT ok=1
Cmd: compileSnippet
  api=0 type=1 insize=5545 outsize=6 kw=POINT ok=1
Cmd: compileSnippet
  api=0 type=0 insize=4789 outsize=4758 kw= ok=1
Cmd: compileSnippet
  api=0 type=1 insize=4789 outsize=6 kw= ok=1
Cmd: preprocess
  insize=1215 outsize=451 ok=1
Cmd: compileSnippet
  api=0 type=0 insize=1066 outsize=767 kw= ok=1
Cmd: compileSnippet
  api=0 type=1 insize=1066 outsize=6 kw= ok=1
Cmd: preprocess
  insize=648 outsize=1594 ok=1
Cmd: compileSnippet
  api=0 type=0 insize=7063 outsize=2338 kw=DIRECTIONAL SHADOWS_OFF LIGHTMAP_OFF DIRLIGHTMAP_OFF DYNAMICLIGHTMAP_OFF ok=1
Cmd: compileSnippet
  api=0 type=1 insize=7063 outsize=6 kw=DIRECTIONAL SHADOWS_OFF LIGHTMAP_OFF DIRLIGHTMAP_OFF DYNAMICLIGHTMAP_OFF ok=1
Cmd: compileSnippet
  api=0 type=0 insize=3835 outsize=1760 kw=POINT ok=1
Cmd: compileSnippet
  api=0 type=1 insize=3835 outsize=6 kw=POINT ok=1
Cmd: compileSnippet
  api=0 type=0 insize=2907 outsize=965 kw= ok=1
Cmd: compileSnippet
  api=0 type=1 insize=2907 outsize=6 kw= ok=1
Cmd: compileSnippet
  api=0 type=0 insize=6102 outsize=2771 kw=LIGHTMAP_OFF DIRLIGHTMAP_OFF DYNAMICLIGHTMAP_OFF HDR_LIGHT_PREPASS_OFF ok=1
Cmd: compileSnippet
  api=0 type=1 insize=6102 outsize=6 kw=LIGHTMAP_OFF DIRLIGHTMAP_OFF DYNAMICLIGHTMAP_OFF HDR_LIGHT_PREPASS_OFF ok=1
Cmd: compileSnippet
  api=0 type=0 insize=6158 outsize=2880 kw=LIGHTMAP_OFF DIRLIGHTMAP_OFF DYNAMICLIGHTMAP_OFF HDR_LIGHT_PREPASS_OFF ok=1
Cmd: compileSnippet
  api=0 type=1 insize=6158 outsize=6 kw=LIGHTMAP_OFF DIRLIGHTMAP_OFF DYNAMICLIGHTMAP_OFF HDR_LIGHT_PREPASS_OFF ok=1
Cmd: compileSnippet
  api=0 type=0 insize=3098 outsize=2515 kw= ok=1
Cmd: compileSnippet
  api=0 type=1 insize=3098 outsize=6 kw= ok=1
Cmd: preprocess
  insize=1486 outsize=523 ok=1
Cmd: compileSnippet
  api=0 type=0 insize=1265 outsize=1276 kw= ok=1
Cmd: compileSnippet
  api=0 type=1 insize=1265 outsize=6 kw= ok=1
Cmd: preprocess
  insize=596 outsize=596 ok=1
Cmd: preprocess
  error: 1 plat 15 at (38): Both vertex and fragment programs must be present in a CGPROGRAM. Excluding it from compilation.
  insize=3364 outsize=2463 ok=1
Cmd: preprocess
  insize=633 outsize=633 ok=1
Cmd: preprocess
  insize=2628 outsize=2628 ok=1
Cmd: preprocess
  insize=9948 outsize=9948 ok=1
Cmd: preprocess
  insize=847 outsize=376 ok=1
Cmd: compileSnippet
  api=0 type=0 insize=773 outsize=551 kw= ok=1
Cmd: compileSnippet
  api=0 type=1 insize=773 outsize=6 kw= ok=1
Cmd: preprocess
  insize=5667 outsize=2816 ok=1
Cmd: compileSnippet
  api=0 type=0 insize=3155 outsize=4256 kw= ok=1
Cmd: compileSnippet
  api=0 type=1 insize=3155 outsize=6 kw= ok=1
Cmd: preprocess
  insize=695 outsize=469 ok=1
Cmd: compileSnippet
  api=0 type=0 insize=528 outsize=723 kw= ok=1
Cmd: compileSnippet
  api=0 type=1 insize=528 outsize=6 kw= ok=1
Cmd: preprocess
  insize=3430 outsize=3430 ok=1
Cmd: preprocess
  insize=596 outsize=596 ok=1
Cmd: preprocess
  insize=833 outsize=426 ok=1
Cmd: compileSnippet
  api=0 type=0 insize=709 outsize=889 kw= ok=1
Cmd: compileSnippet
  api=0 type=1 insize=709 outsize=6 kw= ok=1
Cmd: preprocess
  error: 1 plat 15 at (89): Both vertex and fragment programs must be present in a CGPROGRAM. Excluding it from compilation.
  insize=2669 outsize=1484 ok=1
Cmd: compileSnippet
  api=0 type=0 insize=1301 outsize=1843 kw= ok=1
Cmd: compileSnippet
  api=0 type=1 insize=1301 outsize=6 kw= ok=1
Cmd: preprocess
  insize=1290 outsize=1290 ok=1
Cmd: preprocess
  insize=459 outsize=459 ok=1
Cmd: preprocess
  error: 1 plat 15 at (89): Both vertex and fragment programs must be present in a CGPROGRAM. Excluding it from compilation.
  insize=2669 outsize=1484 ok=1
Cmd: preprocess
  insize=894 outsize=302 ok=1
Cmd: preprocess
  insize=1345 outsize=754 ok=1
Cmd: compileSnippet
  api=0 type=0 insize=893 outsize=833 kw= ok=1
Cmd: compileSnippet
  api=0 type=1 insize=893 outsize=6 kw= ok=1
Cmd: preprocess
  insize=634 outsize=634 ok=1
Cmd: compileSnippet
  api=0 type=0 insize=1004 outsize=2756 kw=SHADOWS_DEPTH ok=1
Cmd: compileSnippet
  api=0 type=1 insize=1004 outsize=6 kw=SHADOWS_DEPTH ok=1
Cmd: compileSnippet
  api=0 type=0 insize=631 outsize=4535 kw= ok=1
Cmd: compileSnippet
  api=0 type=1 insize=631 outsize=6 kw= ok=1
Cmd: compileSnippet
  api=0 type=0 insize=541 outsize=1880 kw=SHADOWS_DEPTH ok=1
Cmd: compileSnippet
  api=0 type=1 insize=541 outsize=6 kw=SHADOWS_DEPTH ok=1
Cmd: compileSnippet
  api=0 type=0 insize=6810 outsize=2287 kw=DIRECTIONAL SHADOWS_OFF LIGHTMAP_OFF DIRLIGHTMAP_OFF DYNAMICLIGHTMAP_OFF ok=1
Cmd: compileSnippet
  api=0 type=1 insize=6810 outsize=6 kw=DIRECTIONAL SHADOWS_OFF LIGHTMAP_OFF DIRLIGHTMAP_OFF DYNAMICLIGHTMAP_OFF ok=1
Cmd: compileSnippet
  api=0 type=0 insize=3647 outsize=1476 kw=DIRECTIONAL ok=1
Cmd: compileSnippet
  api=0 type=1 insize=3647 outsize=6 kw=DIRECTIONAL ok=1
Cmd: compileSnippet
  api=0 type=0 insize=2076 outsize=1533 kw=LIGHTMAP_OFF ok=1
Cmd: compileSnippet
  api=0 type=1 insize=2076 outsize=6 kw=LIGHTMAP_OFF ok=1
Cmd: compileSnippet
  api=0 type=0 insize=7432 outsize=4253 kw=DIRECTIONAL LIGHTMAP_OFF DIRLIGHTMAP_OFF DYNAMICLIGHTMAP_OFF ok=1
Cmd: compileSnippet
  api=0 type=1 insize=7432 outsize=6 kw=DIRECTIONAL LIGHTMAP_OFF DIRLIGHTMAP_OFF DYNAMICLIGHTMAP_OFF ok=1
Cmd: compileSnippet
  api=0 type=0 insize=4828 outsize=3147 kw=DIRECTIONAL ok=1
Cmd: compileSnippet
  api=0 type=1 insize=4828 outsize=6 kw=DIRECTIONAL ok=1
Cmd: compileSnippet
  api=0 type=0 insize=797 outsize=2236 kw=SHADOWS_DEPTH ok=1
Cmd: compileSnippet
  api=0 type=1 insize=797 outsize=6 kw=SHADOWS_DEPTH ok=1
Cmd: compileSnippet
  api=0 type=0 insize=7562 outsize=4408 kw=DIRECTIONAL SHADOWS_OFF LIGHTMAP_OFF DIRLIGHTMAP_OFF DYNAMICLIGHTMAP_OFF ok=1
Cmd: compileSnippet
  api=0 type=1 insize=7562 outsize=6 kw=DIRECTIONAL SHADOWS_OFF LIGHTMAP_OFF DIRLIGHTMAP_OFF DYNAMICLIGHTMAP_OFF ok=1
Cmd: compileSnippet
  api=0 type=0 insize=4944 outsize=3293 kw=DIRECTIONAL ok=1
Cmd: compileSnippet
  api=0 type=1 insize=4944 outsize=6 kw=DIRECTIONAL ok=1
Cmd: compileSnippet
  api=0 type=0 insize=5512 outsize=3411 kw=DIRECTIONAL ok=1
Cmd: compileSnippet
  api=0 type=1 insize=5512 outsize=6 kw=DIRECTIONAL ok=1
Cmd: compileSnippet
  api=0 type=0 insize=6946 outsize=2643 kw=DIRECTIONAL LIGHTMAP_OFF DIRLIGHTMAP_OFF DYNAMICLIGHTMAP_OFF ok=1
Cmd: compileSnippet
  api=0 type=1 insize=6946 outsize=6 kw=DIRECTIONAL LIGHTMAP_OFF DIRLIGHTMAP_OFF DYNAMICLIGHTMAP_OFF ok=1
Cmd: compileSnippet
  api=0 type=0 insize=3742 outsize=1804 kw=DIRECTIONAL ok=1
Cmd: compileSnippet
  api=0 type=1 insize=3742 outsize=6 kw=DIRECTIONAL ok=1
Cmd: compileSnippet
  api=0 type=0 insize=794 outsize=2498 kw=SHADOWS_DEPTH ok=1
Cmd: compileSnippet
  api=0 type=1 insize=794 outsize=6 kw=SHADOWS_DEPTH ok=1
Cmd: compileSnippet
  api=0 type=0 insize=619 outsize=4181 kw= ok=1
Cmd: compileSnippet
  api=0 type=1 insize=619 outsize=6 kw= ok=1
Cmd: compileSnippet
  api=0 type=0 insize=5545 outsize=3411 kw=DIRECTIONAL ok=1
Cmd: compileSnippet
  api=0 type=1 insize=5545 outsize=6 kw=DIRECTIONAL ok=1
Cmd: compileSnippet
  api=0 type=0 insize=7458 outsize=3140 kw=DIRECTIONAL SHADOWS_OFF LIGHTMAP_OFF DIRLIGHTMAP_OFF DYNAMICLIGHTMAP_OFF ok=1
Cmd: compileSnippet
  api=0 type=1 insize=7458 outsize=6 kw=DIRECTIONAL SHADOWS_OFF LIGHTMAP_OFF DIRLIGHTMAP_OFF DYNAMICLIGHTMAP_OFF ok=1
Cmd: compileSnippet
  api=0 type=0 insize=4021 outsize=1963 kw=DIRECTIONAL ok=1
Cmd: compileSnippet
  api=0 type=1 insize=4021 outsize=6 kw=DIRECTIONAL ok=1
Cmd: compileSnippet
  api=0 type=0 insize=1329 outsize=1083 kw= ok=1
Cmd: compileSnippet
  api=0 type=1 insize=1329 outsize=6 kw= ok=1
Cmd: compileSnippet
  api=0 type=0 insize=1325 outsize=1078 kw= ok=1
Cmd: compileSnippet
  api=0 type=1 insize=1325 outsize=6 kw= ok=1
Cmd: compileSnippet
  api=0 type=0 insize=1325 outsize=1078 kw= ok=1
Cmd: compileSnippet
  api=0 type=1 insize=1325 outsize=6 kw= ok=1
Cmd: compileSnippet
  api=0 type=0 insize=1329 outsize=1083 kw= ok=1
Cmd: compileSnippet
  api=0 type=1 insize=1329 outsize=6 kw= ok=1
Cmd: compileSnippet
  api=0 type=0 insize=1317 outsize=1068 kw= ok=1
Cmd: compileSnippet
  api=0 type=1 insize=1317 outsize=6 kw= ok=1
Cmd: compileSnippet
  api=0 type=0 insize=1327 outsize=1078 kw= ok=1
Cmd: compileSnippet
  api=0 type=1 insize=1327 outsize=6 kw= ok=1
Cmd: compileSnippet
  api=0 type=0 insize=966 outsize=587 kw= ok=1
Cmd: compileSnippet
  api=0 type=1 insize=966 outsize=6 kw= ok=1
Cmd: compileSnippet
  api=0 type=0 insize=3835 outsize=1429 kw=DIRECTIONAL ok=1
Cmd: compileSnippet
  api=0 type=1 insize=3835 outsize=6 kw=DIRECTIONAL ok=1
Cmd: compileSnippet
  api=0 type=0 insize=1706 outsize=598 kw=SOFTPARTICLES_OFF ok=1
Cmd: compileSnippet
  api=0 type=1 insize=1706 outsize=6 kw=SOFTPARTICLES_OFF ok=1
Cmd: compileSnippet
  api=0 type=0 insize=6862 outsize=2346 kw=DIRECTIONAL SHADOWS_OFF LIGHTMAP_OFF DIRLIGHTMAP_OFF DYNAMICLIGHTMAP_OFF ok=1
Cmd: compileSnippet
  api=0 type=1 insize=6862 outsize=6 kw=DIRECTIONAL SHADOWS_OFF LIGHTMAP_OFF DIRLIGHTMAP_OFF DYNAMICLIGHTMAP_OFF ok=1
Cmd: compileSnippet
  api=0 type=0 insize=3686 outsize=1535 kw=DIRECTIONAL ok=1
Cmd: compileSnippet
  api=0 type=1 insize=3686 outsize=6 kw=DIRECTIONAL ok=1
Cmd: compileSnippet
  api=0 type=0 insize=7076 outsize=2789 kw=DIRECTIONAL SHADOWS_OFF LIGHTMAP_OFF DIRLIGHTMAP_OFF DYNAMICLIGHTMAP_OFF ok=1
Cmd: compileSnippet
  api=0 type=1 insize=7076 outsize=6 kw=DIRECTIONAL SHADOWS_OFF LIGHTMAP_OFF DIRLIGHTMAP_OFF DYNAMICLIGHTMAP_OFF ok=1
Cmd: compileSnippet
  api=0 type=0 insize=3858 outsize=1950 kw=DIRECTIONAL ok=1
Cmd: compileSnippet
  api=0 type=1 insize=3858 outsize=6 kw=DIRECTIONAL ok=1
Cmd: compileSnippet
  api=0 type=0 insize=7990 outsize=4810 kw=DIRECTIONAL SHADOWS_OFF LIGHTMAP_OFF DIRLIGHTMAP_OFF DYNAMICLIGHTMAP_OFF ok=1
Cmd: compileSnippet
  api=0 type=1 insize=7990 outsize=6 kw=DIRECTIONAL SHADOWS_OFF LIGHTMAP_OFF DIRLIGHTMAP_OFF DYNAMICLIGHTMAP_OFF ok=1
Cmd: compileSnippet
  api=0 type=0 insize=5181 outsize=3564 kw=DIRECTIONAL ok=1
Cmd: compileSnippet
  api=0 type=1 insize=5181 outsize=6 kw=DIRECTIONAL ok=1
Cmd: compileSnippet
  api=0 type=0 insize=7025 outsize=2691 kw=DIRECTIONAL SHADOWS_OFF LIGHTMAP_OFF DIRLIGHTMAP_OFF DYNAMICLIGHTMAP_OFF ok=1
Cmd: compileSnippet
  api=0 type=1 insize=7025 outsize=6 kw=DIRECTIONAL SHADOWS_OFF LIGHTMAP_OFF DIRLIGHTMAP_OFF DYNAMICLIGHTMAP_OFF ok=1
Cmd: compileSnippet
  api=0 type=0 insize=3820 outsize=1852 kw=DIRECTIONAL ok=1
Cmd: compileSnippet
  api=0 type=1 insize=3820 outsize=6 kw=DIRECTIONAL ok=1
Cmd: compileSnippet
  api=0 type=0 insize=1642 outsize=528 kw=SOFTPARTICLES_OFF ok=1
Cmd: compileSnippet
  api=0 type=1 insize=1642 outsize=6 kw=SOFTPARTICLES_OFF ok=1
Cmd: compileSnippet
  api=0 type=0 insize=7523 outsize=4306 kw=DIRECTIONAL SHADOWS_OFF LIGHTMAP_OFF DIRLIGHTMAP_OFF DYNAMICLIGHTMAP_OFF ok=1
Cmd: compileSnippet
  api=0 type=1 insize=7523 outsize=6 kw=DIRECTIONAL SHADOWS_OFF LIGHTMAP_OFF DIRLIGHTMAP_OFF DYNAMICLIGHTMAP_OFF ok=1
Cmd: compileSnippet
  api=0 type=0 insize=4918 outsize=3195 kw=DIRECTIONAL ok=1
Cmd: compileSnippet
  api=0 type=1 insize=4918 outsize=6 kw=DIRECTIONAL ok=1
Cmd: compileSnippet
  api=0 type=0 insize=6731 outsize=2239 kw=DIRECTIONAL LIGHTMAP_OFF DIRLIGHTMAP_OFF DYNAMICLIGHTMAP_OFF ok=1
Cmd: compileSnippet
  api=0 type=1 insize=6731 outsize=6 kw=DIRECTIONAL LIGHTMAP_OFF DIRLIGHTMAP_OFF DYNAMICLIGHTMAP_OFF ok=1
Cmd: compileSnippet
  api=0 type=0 insize=3569 outsize=1428 kw=DIRECTIONAL ok=1
Cmd: compileSnippet
  api=0 type=1 insize=3569 outsize=6 kw=DIRECTIONAL ok=1
Cmd: compileSnippet
  api=0 type=0 insize=6954 outsize=2581 kw=DIRECTIONAL SHADOWS_OFF LIGHTMAP_OFF DIRLIGHTMAP_OFF DYNAMICLIGHTMAP_OFF ok=1
Cmd: compileSnippet
  api=0 type=1 insize=6954 outsize=6 kw=DIRECTIONAL SHADOWS_OFF LIGHTMAP_OFF DIRLIGHTMAP_OFF DYNAMICLIGHTMAP_OFF ok=1
Cmd: compileSnippet
  api=0 type=0 insize=3803 outsize=1522 kw=DIRECTIONAL ok=1
Cmd: compileSnippet
  api=0 type=1 insize=3803 outsize=6 kw=DIRECTIONAL ok=1
Cmd: compileSnippet
  api=0 type=0 insize=1106 outsize=621 kw= ok=1
Cmd: compileSnippet
  api=0 type=1 insize=1106 outsize=6 kw= ok=1
Cmd: compileSnippet
  api=0 type=0 insize=1109 outsize=621 kw= ok=1
Cmd: compileSnippet
  api=0 type=1 insize=1109 outsize=6 kw= ok=1
Cmd: compileSnippet
  api=0 type=0 insize=751 outsize=1880 kw=SHADOWS_DEPTH ok=1
Cmd: compileSnippet
  api=0 type=1 insize=751 outsize=6 kw=SHADOWS_DEPTH ok=1
Cmd: compileSnippet
  api=0 type=0 insize=982 outsize=9841 kw=DIRECTIONAL SHADOWS_OFF LIGHTMAP_OFF DIRLIGHTMAP_OFF DYNAMICLIGHTMAP_OFF ok=1
Cmd: compileSnippet
  api=0 type=1 insize=982 outsize=6 kw=DIRECTIONAL SHADOWS_OFF LIGHTMAP_OFF DIRLIGHTMAP_OFF DYNAMICLIGHTMAP_OFF ok=1
Cmd: compileSnippet
  api=0 type=0 insize=938 outsize=5712 kw=DIRECTIONAL SHADOWS_OFF ok=1
Cmd: compileSnippet
  api=0 type=1 insize=938 outsize=6 kw=DIRECTIONAL SHADOWS_OFF ok=1
Cmd: preprocess
  insize=2859 outsize=1085 ok=1
Cmd: preprocess
  insize=8918 outsize=5490 ok=1
Cmd: compileSnippet
  error: 2 plat 0 at (98): 'float3x4' :  not supported in pre-GLSL1.20; 'float' : cannot construct this type\nCompiling Vertex program with WATER_REFRACTIVE
  api=0 type=0 insize=3732 outsize=0 kw=WATER_REFRACTIVE ok=0
Cmd: preprocess
  insize=2429 outsize=886 ok=1
Cmd: preprocess
  insize=8917 outsize=1152 ok=1
Cmd: compileSnippet
  error: 2 plat 0 at (46): ']' : syntax error syntax error\nCompiling Vertex program
  api=0 type=0 insize=3505 outsize=0 kw= ok=0
Cmd: preprocess
  insize=9948 outsize=9948 ok=1
Cmd: preprocess
  insize=5667 outsize=2816 ok=1
Cmd: compileSnippet
  api=0 type=0 insize=3445 outsize=4543 kw=SHADOWS_DEPTH ok=1
Cmd: compileSnippet
  api=0 type=1 insize=3445 outsize=6 kw=SHADOWS_DEPTH ok=1
Cmd: compileSnippet
  api=0 type=0 insize=3054 outsize=4096 kw=SHADOWS_DEPTH ok=1
Cmd: compileSnippet
  api=0 type=1 insize=3054 outsize=6 kw=SHADOWS_DEPTH ok=1
Cmd: compileSnippet
  api=0 type=0 insize=607 outsize=2342 kw= ok=1
Cmd: compileSnippet
  api=0 type=1 insize=607 outsize=6 kw= ok=1
Cmd: compileSnippet
  api=0 type=0 insize=613 outsize=2599 kw= ok=1
Cmd: compileSnippet
  api=0 type=1 insize=613 outsize=6 kw= ok=1
Cmd: compileSnippet
  api=0 type=0 insize=63517 outsize=3988 kw=DIRECTIONAL SHADOWS_OFF LIGHTMAP_OFF DIRLIGHTMAP_OFF DYNAMICLIGHTMAP_OFF FOG_EXP2 ok=1
Cmd: compileSnippet
  api=0 type=1 insize=63517 outsize=6 kw=DIRECTIONAL SHADOWS_OFF LIGHTMAP_OFF DIRLIGHTMAP_OFF DYNAMICLIGHTMAP_OFF FOG_EXP2 ok=1
Cmd: compileSnippet
  api=0 type=0 insize=6810 outsize=2628 kw=DIRECTIONAL SHADOWS_OFF LIGHTMAP_OFF DIRLIGHTMAP_OFF DYNAMICLIGHTMAP_OFF FOG_EXP2 ok=1
Cmd: compileSnippet
  api=0 type=1 insize=6810 outsize=6 kw=DIRECTIONAL SHADOWS_OFF LIGHTMAP_OFF DIRLIGHTMAP_OFF DYNAMICLIGHTMAP_OFF FOG_EXP2 ok=1
Cmd: compileSnippet
  api=0 type=0 insize=7523 outsize=4662 kw=DIRECTIONAL SHADOWS_OFF LIGHTMAP_OFF DIRLIGHTMAP_OFF DYNAMICLIGHTMAP_OFF FOG_EXP2 ok=1
Cmd: compileSnippet
  api=0 type=1 insize=7523 outsize=6 kw=DIRECTIONAL SHADOWS_OFF LIGHTMAP_OFF DIRLIGHTMAP_OFF DYNAMICLIGHTMAP_OFF FOG_EXP2 ok=1
Cmd: compileSnippet
  api=0 type=0 insize=619 outsize=4580 kw=FOG_EXP2 ok=1
Cmd: compileSnippet
  api=0 type=1 insize=619 outsize=6 kw=FOG_EXP2 ok=1
Cmd: compileSnippet
  api=0 type=0 insize=7025 outsize=3032 kw=DIRECTIONAL SHADOWS_OFF LIGHTMAP_OFF DIRLIGHTMAP_OFF DYNAMICLIGHTMAP_OFF FOG_EXP2 ok=1
Cmd: compileSnippet
  api=0 type=1 insize=7025 outsize=6 kw=DIRECTIONAL SHADOWS_OFF LIGHTMAP_OFF DIRLIGHTMAP_OFF DYNAMICLIGHTMAP_OFF FOG_EXP2 ok=1
Cmd: compileSnippet
  api=0 type=0 insize=7990 outsize=5205 kw=DIRECTIONAL SHADOWS_OFF LIGHTMAP_OFF DIRLIGHTMAP_OFF DYNAMICLIGHTMAP_OFF FOG_EXP2 ok=1
Cmd: compileSnippet
  api=0 type=1 insize=7990 outsize=6 kw=DIRECTIONAL SHADOWS_OFF LIGHTMAP_OFF DIRLIGHTMAP_OFF DYNAMICLIGHTMAP_OFF FOG_EXP2 ok=1
Cmd: compileSnippet
  api=0 type=0 insize=6954 outsize=2965 kw=DIRECTIONAL SHADOWS_OFF LIGHTMAP_OFF DIRLIGHTMAP_OFF DYNAMICLIGHTMAP_OFF FOG_EXP2 ok=1
Cmd: compileSnippet
  api=0 type=1 insize=6954 outsize=6 kw=DIRECTIONAL SHADOWS_OFF LIGHTMAP_OFF DIRLIGHTMAP_OFF DYNAMICLIGHTMAP_OFF FOG_EXP2 ok=1
Cmd: compileSnippet
  api=0 type=0 insize=8130 outsize=4991 kw=DIRECTIONAL LIGHTMAP_OFF DIRLIGHTMAP_OFF DYNAMICLIGHTMAP_OFF FOG_EXP2 ok=1
Cmd: compileSnippet
  api=0 type=1 insize=8130 outsize=6 kw=DIRECTIONAL LIGHTMAP_OFF DIRLIGHTMAP_OFF DYNAMICLIGHTMAP_OFF FOG_EXP2 ok=1
Cmd: compileSnippet
  api=0 type=0 insize=7063 outsize=2717 kw=DIRECTIONAL SHADOWS_OFF LIGHTMAP_OFF DIRLIGHTMAP_OFF DYNAMICLIGHTMAP_OFF FOG_EXP2 ok=1
Cmd: compileSnippet
  api=0 type=1 insize=7063 outsize=6 kw=DIRECTIONAL SHADOWS_OFF LIGHTMAP_OFF DIRLIGHTMAP_OFF DYNAMICLIGHTMAP_OFF FOG_EXP2 ok=1
Cmd: compileSnippet
  api=0 type=0 insize=7562 outsize=4820 kw=DIRECTIONAL SHADOWS_OFF LIGHTMAP_OFF DIRLIGHTMAP_OFF DYNAMICLIGHTMAP_OFF FOG_EXP2 ok=1
Cmd: compileSnippet
  api=0 type=1 insize=7562 outsize=6 kw=DIRECTIONAL SHADOWS_OFF LIGHTMAP_OFF DIRLIGHTMAP_OFF DYNAMICLIGHTMAP_OFF FOG_EXP2 ok=1
Cmd: compileSnippet
  api=0 type=0 insize=6862 outsize=2737 kw=DIRECTIONAL SHADOWS_OFF LIGHTMAP_OFF DIRLIGHTMAP_OFF DYNAMICLIGHTMAP_OFF FOG_EXP2 ok=1
Cmd: compileSnippet
  api=0 type=1 insize=6862 outsize=6 kw=DIRECTIONAL SHADOWS_OFF LIGHTMAP_OFF DIRLIGHTMAP_OFF DYNAMICLIGHTMAP_OFF FOG_EXP2 ok=1
Cmd: compileSnippet
  api=0 type=0 insize=7076 outsize=3180 kw=DIRECTIONAL SHADOWS_OFF LIGHTMAP_OFF DIRLIGHTMAP_OFF DYNAMICLIGHTMAP_OFF FOG_EXP2 ok=1
Cmd: compileSnippet
  api=0 type=1 insize=7076 outsize=6 kw=DIRECTIONAL SHADOWS_OFF LIGHTMAP_OFF DIRLIGHTMAP_OFF DYNAMICLIGHTMAP_OFF FOG_EXP2 ok=1
Cmd: compileSnippet
  api=0 type=0 insize=1041 outsize=1901 kw=FOG_EXP2 ok=1
Cmd: compileSnippet
  api=0 type=1 insize=1041 outsize=6 kw=FOG_EXP2 ok=1
Cmd: compileSnippet
  api=0 type=0 insize=631 outsize=4903 kw=FOG_EXP2 ok=1
Cmd: compileSnippet
  api=0 type=1 insize=631 outsize=6 kw=FOG_EXP2 ok=1
Cmd: compileSnippet
  api=0 type=0 insize=7432 outsize=4664 kw=DIRECTIONAL LIGHTMAP_OFF DIRLIGHTMAP_OFF DYNAMICLIGHTMAP_OFF FOG_EXP2 ok=1
Cmd: compileSnippet
  api=0 type=1 insize=7432 outsize=6 kw=DIRECTIONAL LIGHTMAP_OFF DIRLIGHTMAP_OFF DYNAMICLIGHTMAP_OFF FOG_EXP2 ok=1
Cmd: compileSnippet
  api=0 type=0 insize=63517 outsize=4413 kw=DIRECTIONAL SHADOWS_SCREEN LIGHTMAP_OFF DIRLIGHTMAP_OFF DYNAMICLIGHTMAP_OFF FOG_EXP2 ok=1
Cmd: compileSnippet
  api=0 type=1 insize=63517 outsize=6 kw=DIRECTIONAL SHADOWS_SCREEN LIGHTMAP_OFF DIRLIGHTMAP_OFF DYNAMICLIGHTMAP_OFF FOG_EXP2 ok=1
Cmd: compileSnippet
  api=0 type=0 insize=6810 outsize=3059 kw=DIRECTIONAL SHADOWS_SCREEN LIGHTMAP_OFF DIRLIGHTMAP_OFF DYNAMICLIGHTMAP_OFF FOG_EXP2 ok=1
Cmd: compileSnippet
  api=0 type=1 insize=6810 outsize=6 kw=DIRECTIONAL SHADOWS_SCREEN LIGHTMAP_OFF DIRLIGHTMAP_OFF DYNAMICLIGHTMAP_OFF FOG_EXP2 ok=1
Cmd: compileSnippet
  api=0 type=0 insize=7025 outsize=3495 kw=DIRECTIONAL SHADOWS_SCREEN LIGHTMAP_OFF DIRLIGHTMAP_OFF DYNAMICLIGHTMAP_OFF FOG_EXP2 ok=1
Cmd: compileSnippet
  api=0 type=1 insize=7025 outsize=6 kw=DIRECTIONAL SHADOWS_SCREEN LIGHTMAP_OFF DIRLIGHTMAP_OFF DYNAMICLIGHTMAP_OFF FOG_EXP2 ok=1
Cmd: compileSnippet
  api=0 type=0 insize=6954 outsize=3396 kw=DIRECTIONAL SHADOWS_SCREEN LIGHTMAP_OFF DIRLIGHTMAP_OFF DYNAMICLIGHTMAP_OFF FOG_EXP2 ok=1
Cmd: compileSnippet
  api=0 type=1 insize=6954 outsize=6 kw=DIRECTIONAL SHADOWS_SCREEN LIGHTMAP_OFF DIRLIGHTMAP_OFF DYNAMICLIGHTMAP_OFF FOG_EXP2 ok=1
Cmd: compileSnippet
  api=0 type=0 insize=7523 outsize=5129 kw=DIRECTIONAL SHADOWS_SCREEN LIGHTMAP_OFF DIRLIGHTMAP_OFF DYNAMICLIGHTMAP_OFF FOG_EXP2 ok=1
Cmd: compileSnippet
  api=0 type=1 insize=7523 outsize=6 kw=DIRECTIONAL SHADOWS_SCREEN LIGHTMAP_OFF DIRLIGHTMAP_OFF DYNAMICLIGHTMAP_OFF FOG_EXP2 ok=1
Cmd: compileSnippet
  api=0 type=0 insize=1642 outsize=1731 kw=FOG_EXP2 SOFTPARTICLES_ON ok=1
Cmd: compileSnippet
  api=0 type=1 insize=1642 outsize=6 kw=FOG_EXP2 SOFTPARTICLES_ON ok=1
Cmd: compileSnippet
  api=0 type=0 insize=7502 outsize=4902 kw=DIRECTIONAL SHADOWS_OFF LIGHTMAP_OFF DIRLIGHTMAP_OFF DYNAMICLIGHTMAP_OFF FOG_EXP2 ok=1
Cmd: compileSnippet
  api=0 type=1 insize=7502 outsize=6 kw=DIRECTIONAL SHADOWS_OFF LIGHTMAP_OFF DIRLIGHTMAP_OFF DYNAMICLIGHTMAP_OFF FOG_EXP2 ok=1
Cmd: compileSnippet
  api=0 type=0 insize=6862 outsize=3168 kw=DIRECTIONAL SHADOWS_SCREEN LIGHTMAP_OFF DIRLIGHTMAP_OFF DYNAMICLIGHTMAP_OFF FOG_EXP2 ok=1
Cmd: compileSnippet
  api=0 type=1 insize=6862 outsize=6 kw=DIRECTIONAL SHADOWS_SCREEN LIGHTMAP_OFF DIRLIGHTMAP_OFF DYNAMICLIGHTMAP_OFF FOG_EXP2 ok=1
Cmd: compileSnippet
  api=0 type=0 insize=6731 outsize=2630 kw=DIRECTIONAL LIGHTMAP_OFF DIRLIGHTMAP_OFF DYNAMICLIGHTMAP_OFF FOG_EXP2 ok=1
Cmd: compileSnippet
  api=0 type=1 insize=6731 outsize=6 kw=DIRECTIONAL LIGHTMAP_OFF DIRLIGHTMAP_OFF DYNAMICLIGHTMAP_OFF FOG_EXP2 ok=1
Cmd: compileSnippet
  api=0 type=0 insize=1706 outsize=1695 kw=FOG_EXP2 SOFTPARTICLES_ON ok=1
Cmd: compileSnippet
  api=0 type=1 insize=1706 outsize=6 kw=FOG_EXP2 SOFTPARTICLES_ON ok=1
Cmd: compileSnippet
  api=0 type=0 insize=7502 outsize=5335 kw=DIRECTIONAL SHADOWS_SCREEN LIGHTMAP_OFF DIRLIGHTMAP_OFF DYNAMICLIGHTMAP_OFF FOG_EXP2 ok=1
Cmd: compileSnippet
  api=0 type=1 insize=7502 outsize=6 kw=DIRECTIONAL SHADOWS_SCREEN LIGHTMAP_OFF DIRLIGHTMAP_OFF DYNAMICLIGHTMAP_OFF FOG_EXP2 ok=1
Cmd: compileSnippet
  api=0 type=0 insize=7990 outsize=5672 kw=DIRECTIONAL SHADOWS_SCREEN LIGHTMAP_OFF DIRLIGHTMAP_OFF DYNAMICLIGHTMAP_OFF FOG_EXP2 ok=1
Cmd: compileSnippet
  api=0 type=1 insize=7990 outsize=6 kw=DIRECTIONAL SHADOWS_SCREEN LIGHTMAP_OFF DIRLIGHTMAP_OFF DYNAMICLIGHTMAP_OFF FOG_EXP2 ok=1
